2017-09-26 10:01:09 [Error] Mysql Connect failed[1]: Access denied for user 'root'@'localhost' (using password: YES)
2017-09-26 10:01:09 [Error] Mysql Connect failed[2]: Access denied for user 'root'@'localhost' (using password: YES)
2017-09-26 10:01:09 [Error] Mysql Connect failed[3]: Access denied for user 'root'@'localhost' (using password: YES)
2017-09-26 10:01:09 [Error] Mysql Connect failed[4]: Access denied for user 'root'@'localhost' (using password: YES)
2017-09-26 10:01:09 [Error] Mysql Connect failed[5]: Access denied for user 'root'@'localhost' (using password: YES)
2017-09-26 10:05:05 [Error] Mysql Connect failed[1]: Access denied for user 'root'@'localhost' (using password: YES)
2017-09-26 10:05:05 [Error] Mysql Connect failed[2]: Access denied for user 'root'@'localhost' (using password: YES)
2017-09-26 10:05:05 [Error] Mysql Connect failed[3]: Access denied for user 'root'@'localhost' (using password: YES)
2017-09-26 10:05:05 [Error] Mysql Connect failed[4]: Access denied for user 'root'@'localhost' (using password: YES)
2017-09-26 10:05:05 [Error] Mysql Connect failed[5]: Access denied for user 'root'@'localhost' (using password: YES)
2017-09-26 10:09:02 [Warning] Query SQL: Select Count(*) As `count` From `meinv_content` Where `name`='可爱甜美棒棒糖少女私房' limit 1
2017-09-26 10:09:02 [Warning] Error SQL: Table 'homestead.meinv_content' doesn't exist
debug_backtrace：
[0] in function phpspider\core\db::get_one  in /home/vagrant/Code/ws/public/phpspider-master/demo/13384.php  on line 189 
[1] in function {closure} 
[2] in function call_user_func  in /home/vagrant/Code/ws/public/phpspider-master/core/phpspider.php  on line 1676 
[3] in function phpspider\core\phpspider->get_html_fields  in /home/vagrant/Code/ws/public/phpspider-master/core/phpspider.php  on line 1184 
[4] in function phpspider\core\phpspider->collect_page  in /home/vagrant/Code/ws/public/phpspider-master/core/phpspider.php  on line 1022 
[5] in function phpspider\core\phpspider->do_collect_page  in /home/vagrant/Code/ws/public/phpspider-master/core/phpspider.php  on line 948 
[6] in function phpspider\core\phpspider->start  in /home/vagrant/Code/ws/public/phpspider-master/demo/13384.php  on line 197 
2017-09-26 10:09:02 [Warning] Query SQL: Insert Ignore Into `meinv_content` (`name`,`category`,`addtime`,`url`,`image`,`content`,`dir`) Values ("可爱甜美棒棒糖少女私房","清纯美女","1476316167","http://www.13384.com/qingchunmeinv/5672.html","http://file.13384.com/imgs/4/2015-07/ifqfbgom3wrcsuu3.jpg?imageView2/1/w/320/h/420","http://file.13384.com/imgs/4/2015-07/ifqfbgom3wrcsuu3.jpg,http://file.13384.com/imgs/4/2015-07/ifqfbgom3wrcsuu3.jpg,http://file.13384.com/imgs/4/2015-07/78ssjajxl601ik5k.jpg,http://file.13384.com/imgs/4/2015-07/7iz42skrlnvwiijw.jpg,http://file.13384.com/imgs/4/2015-07/6ey3kcl4ecpv18k1.jpg,http://file.13384.com/imgs/4/2015-07/kg7tu0lqmvhzpqql.jpg,http://file.13384.com/imgs/4/2015-07/7mut5qguy30tcyhc.jpg,http://file.13384.com/imgs/4/2015-07/9i1r9vdbwcs9z3a4.jpg,http://file.13384.com/imgs/4/2015-07/r5w184ck63csqs6i.jpg,http://file.13384.com/imgs/4/2015-07/9unujgmy0ntzs4br.jpg","qingchunmeinv")
2017-09-26 10:09:02 [Warning] Error SQL: Table 'homestead.meinv_content' doesn't exist
debug_backtrace：
[0] in function phpspider\core\db::insert  in /home/vagrant/Code/ws/public/phpspider-master/demo/13384.php  on line 192 
[1] in function {closure} 
[2] in function call_user_func  in /home/vagrant/Code/ws/public/phpspider-master/core/phpspider.php  on line 1676 
[3] in function phpspider\core\phpspider->get_html_fields  in /home/vagrant/Code/ws/public/phpspider-master/core/phpspider.php  on line 1184 
[4] in function phpspider\core\phpspider->collect_page  in /home/vagrant/Code/ws/public/phpspider-master/core/phpspider.php  on line 1022 
[5] in function phpspider\core\phpspider->do_collect_page  in /home/vagrant/Code/ws/public/phpspider-master/core/phpspider.php  on line 948 
[6] in function phpspider\core\phpspider->start  in /home/vagrant/Code/ws/public/phpspider-master/demo/13384.php  on line 197 
2017-09-26 10:09:04 [Warning] Query SQL: Select Count(*) As `count` From `meinv_content` Where `name`='眼镜美女铁网短发写真' limit 1
2017-09-26 10:09:04 [Warning] Error SQL: Table 'homestead.meinv_content' doesn't exist
debug_backtrace：
[0] in function phpspider\core\db::get_one  in /home/vagrant/Code/ws/public/phpspider-master/demo/13384.php  on line 189 
[1] in function {closure} 
[2] in function call_user_func  in /home/vagrant/Code/ws/public/phpspider-master/core/phpspider.php  on line 1676 
[3] in function phpspider\core\phpspider->get_html_fields  in /home/vagrant/Code/ws/public/phpspider-master/core/phpspider.php  on line 1184 
[4] in function phpspider\core\phpspider->collect_page  in /home/vagrant/Code/ws/public/phpspider-master/core/phpspider.php  on line 1022 
[5] in function phpspider\core\phpspider->do_collect_page  in /home/vagrant/Code/ws/public/phpspider-master/core/phpspider.php  on line 948 
[6] in function phpspider\core\phpspider->start  in /home/vagrant/Code/ws/public/phpspider-master/demo/13384.php  on line 197 
2017-09-26 10:09:04 [Warning] Query SQL: Insert Ignore Into `meinv_content` (`name`,`category`,`addtime`,`url`,`image`,`content`,`dir`) Values ("眼镜美女铁网短发写真","清纯美女","1476316062","http://www.13384.com/qingchunmeinv/5666.html","http://file.13384.com/imgs/4/2015-07/khogvqbf6ieh4109.jpg?imageView2/1/w/320/h/420","http://file.13384.com/imgs/4/2015-07/khogvqbf6ieh4109.jpg,http://file.13384.com/imgs/4/2015-07/khogvqbf6ieh4109.jpg,http://file.13384.com/imgs/4/2015-07/4kawsr7o14hwif4a.jpg,http://file.13384.com/imgs/4/2015-07/plqkh8oypamv98wf.jpg,http://file.13384.com/imgs/4/2015-07/c3kshogyl4guot91.jpg,http://file.13384.com/imgs/4/2015-07/sq4wq8kmg5r9e5xa.jpg,http://file.13384.com/imgs/4/2015-07/ygk0cy5x43b9vtoz.jpg,http://file.13384.com/imgs/4/2015-07/exjffsrs5tqlv41l.jpg,http://file.13384.com/imgs/4/2015-07/smsuhjp6n98vx2b4.jpg,http://file.13384.com/imgs/4/2015-07/pfq56ryewa378j0l.jpg,http://file.13384.com/imgs/4/2015-07/6qmgu07zeam9j1pw.jpg,http://file.13384.com/imgs/4/2015-07/qojcqlxftju0vesu.jpg","qingchunmeinv")
2017-09-26 10:09:04 [Warning] Error SQL: Table 'homestead.meinv_content' doesn't exist
debug_backtrace：
[0] in function phpspider\core\db::insert  in /home/vagrant/Code/ws/public/phpspider-master/demo/13384.php  on line 192 
[1] in function {closure} 
[2] in function call_user_func  in /home/vagrant/Code/ws/public/phpspider-master/core/phpspider.php  on line 1676 
[3] in function phpspider\core\phpspider->get_html_fields  in /home/vagrant/Code/ws/public/phpspider-master/core/phpspider.php  on line 1184 
[4] in function phpspider\core\phpspider->collect_page  in /home/vagrant/Code/ws/public/phpspider-master/core/phpspider.php  on line 1022 
[5] in function phpspider\core\phpspider->do_collect_page  in /home/vagrant/Code/ws/public/phpspider-master/core/phpspider.php  on line 948 
[6] in function phpspider\core\phpspider->start  in /home/vagrant/Code/ws/public/phpspider-master/demo/13384.php  on line 197 
2017-09-26 10:09:05 [Warning] Query SQL: Select Count(*) As `count` From `meinv_content` Where `name`='清纯少女唯美私房写真' limit 1
2017-09-26 10:09:05 [Warning] Error SQL: Table 'homestead.meinv_content' doesn't exist
debug_backtrace：
[0] in function phpspider\core\db::get_one  in /home/vagrant/Code/ws/public/phpspider-master/demo/13384.php  on line 189 
[1] in function {closure} 
[2] in function call_user_func  in /home/vagrant/Code/ws/public/phpspider-master/core/phpspider.php  on line 1676 
[3] in function phpspider\core\phpspider->get_html_fields  in /home/vagrant/Code/ws/public/phpspider-master/core/phpspider.php  on line 1184 
[4] in function phpspider\core\phpspider->collect_page  in /home/vagrant/Code/ws/public/phpspider-master/core/phpspider.php  on line 1022 
[5] in function phpspider\core\phpspider->do_collect_page  in /home/vagrant/Code/ws/public/phpspider-master/core/phpspider.php  on line 948 
[6] in function phpspider\core\phpspider->start  in /home/vagrant/Code/ws/public/phpspider-master/demo/13384.php  on line 197 
2017-09-26 10:09:05 [Warning] Query SQL: Insert Ignore Into `meinv_content` (`name`,`category`,`addtime`,`url`,`image`,`content`,`dir`) Values ("清纯少女唯美私房写真","清纯美女","1476316051","http://www.13384.com/qingchunmeinv/5665.html","http://file.13384.com/imgs/4/2015-07/acfn6iky4qb8jnl2.jpg?imageView2/1/w/320/h/420","http://file.13384.com/imgs/4/2015-07/acfn6iky4qb8jnl2.jpg,http://file.13384.com/imgs/4/2015-07/acfn6iky4qb8jnl2.jpg,http://file.13384.com/imgs/4/2015-07/t99n5jk44edn5ico.jpg,http://file.13384.com/imgs/4/2015-07/cxwx87yjmjrii562.jpg,http://file.13384.com/imgs/4/2015-07/71qvwr1p2en8ntsm.jpg,http://file.13384.com/imgs/4/2015-07/41up5jx770xv6k77.jpg,http://file.13384.com/imgs/4/2015-07/z7ghz1scga036jol.jpg,http://file.13384.com/imgs/4/2015-07/y6a2z8wgso0y73dk.jpg,http://file.13384.com/imgs/4/2015-07/x1kny4fr8m02ojso.jpg,http://file.13384.com/imgs/4/2015-07/so9rsaet22nvoz8i.jpg,http://file.13384.com/imgs/4/2015-07/dfk806rovs5d3x0e.jpg,http://file.13384.com/imgs/4/2015-07/g07wtq72nsmfco5v.jpg","qingchunmeinv")
2017-09-26 10:09:05 [Warning] Error SQL: Table 'homestead.meinv_content' doesn't exist
debug_backtrace：
[0] in function phpspider\core\db::insert  in /home/vagrant/Code/ws/public/phpspider-master/demo/13384.php  on line 192 
[1] in function {closure} 
[2] in function call_user_func  in /home/vagrant/Code/ws/public/phpspider-master/core/phpspider.php  on line 1676 
[3] in function phpspider\core\phpspider->get_html_fields  in /home/vagrant/Code/ws/public/phpspider-master/core/phpspider.php  on line 1184 
[4] in function phpspider\core\phpspider->collect_page  in /home/vagrant/Code/ws/public/phpspider-master/core/phpspider.php  on line 1022 
[5] in function phpspider\core\phpspider->do_collect_page  in /home/vagrant/Code/ws/public/phpspider-master/core/phpspider.php  on line 948 
[6] in function phpspider\core\phpspider->start  in /home/vagrant/Code/ws/public/phpspider-master/demo/13384.php  on line 197 
2017-09-26 10:09:07 [Warning] Query SQL: Select Count(*) As `count` From `meinv_content` Where `name`='张凯洁林间小道写真' limit 1
2017-09-26 10:09:07 [Warning] Error SQL: Table 'homestead.meinv_content' doesn't exist
debug_backtrace：
[0] in function phpspider\core\db::get_one  in /home/vagrant/Code/ws/public/phpspider-master/demo/13384.php  on line 189 
[1] in function {closure} 
[2] in function call_user_func  in /home/vagrant/Code/ws/public/phpspider-master/core/phpspider.php  on line 1676 
[3] in function phpspider\core\phpspider->get_html_fields  in /home/vagrant/Code/ws/public/phpspider-master/core/phpspider.php  on line 1184 
[4] in function phpspider\core\phpspider->collect_page  in /home/vagrant/Code/ws/public/phpspider-master/core/phpspider.php  on line 1022 
[5] in function phpspider\core\phpspider->do_collect_page  in /home/vagrant/Code/ws/public/phpspider-master/core/phpspider.php  on line 948 
[6] in function phpspider\core\phpspider->start  in /home/vagrant/Code/ws/public/phpspider-master/demo/13384.php  on line 197 
2017-09-26 10:09:07 [Warning] Query SQL: Insert Ignore Into `meinv_content` (`name`,`category`,`addtime`,`url`,`image`,`content`,`dir`) Values ("张凯洁林间小道写真","清纯美女","1476316032","http://www.13384.com/qingchunmeinv/5664.html","http://file.13384.com/imgs/4/2015-07/jn1b3cj74ln9yd0s.jpg?imageView2/1/w/320/h/420","http://file.13384.com/imgs/4/2015-07/jn1b3cj74ln9yd0s.jpg,http://file.13384.com/imgs/4/2015-07/jn1b3cj74ln9yd0s.jpg,http://file.13384.com/imgs/4/2015-07/7j0dxlzpm3eop1cs.jpg,http://file.13384.com/imgs/4/2015-07/bg0hwarlc6h3zk03.jpg,http://file.13384.com/imgs/4/2015-07/1fi156k88fh2na25.jpg,http://file.13384.com/imgs/4/2015-07/42rd103rvvzo8kef.jpg,http://file.13384.com/imgs/4/2015-07/zqlvehf84q5qahoq.jpg,http://file.13384.com/imgs/4/2015-07/rpmc500vv9h83dq4.jpg,http://file.13384.com/imgs/4/2015-07/ol30x65a27g8mgff.jpg,http://file.13384.com/imgs/4/2015-07/5ezyruthyh4kkfb4.jpg,http://file.13384.com/imgs/4/2015-07/n3n6bhvsu24u6zmz.jpg,http://file.13384.com/imgs/4/2015-07/frjgwbzwx8s78hzk.jpg","qingchunmeinv")
2017-09-26 10:09:07 [Warning] Error SQL: Table 'homestead.meinv_content' doesn't exist
debug_backtrace：
[0] in function phpspider\core\db::insert  in /home/vagrant/Code/ws/public/phpspider-master/demo/13384.php  on line 192 
[1] in function {closure} 
[2] in function call_user_func  in /home/vagrant/Code/ws/public/phpspider-master/core/phpspider.php  on line 1676 
[3] in function phpspider\core\phpspider->get_html_fields  in /home/vagrant/Code/ws/public/phpspider-master/core/phpspider.php  on line 1184 
[4] in function phpspider\core\phpspider->collect_page  in /home/vagrant/Code/ws/public/phpspider-master/core/phpspider.php  on line 1022 
[5] in function phpspider\core\phpspider->do_collect_page  in /home/vagrant/Code/ws/public/phpspider-master/core/phpspider.php  on line 948 
[6] in function phpspider\core\phpspider->start  in /home/vagrant/Code/ws/public/phpspider-master/demo/13384.php  on line 197 
2017-09-26 10:09:08 [Warning] Query SQL: Select Count(*) As `count` From `meinv_content` Where `name`='吴沛孺时尚百搭 午后家居甜美写真' limit 1
2017-09-26 10:09:08 [Warning] Error SQL: Table 'homestead.meinv_content' doesn't exist
debug_backtrace：
[0] in function phpspider\core\db::get_one  in /home/vagrant/Code/ws/public/phpspider-master/demo/13384.php  on line 189 
[1] in function {closure} 
[2] in function call_user_func  in /home/vagrant/Code/ws/public/phpspider-master/core/phpspider.php  on line 1676 
[3] in function phpspider\core\phpspider->get_html_fields  in /home/vagrant/Code/ws/public/phpspider-master/core/phpspider.php  on line 1184 
[4] in function phpspider\core\phpspider->collect_page  in /home/vagrant/Code/ws/public/phpspider-master/core/phpspider.php  on line 1022 
[5] in function phpspider\core\phpspider->do_collect_page  in /home/vagrant/Code/ws/public/phpspider-master/core/phpspider.php  on line 948 
[6] in function phpspider\core\phpspider->start  in /home/vagrant/Code/ws/public/phpspider-master/demo/13384.php  on line 197 
2017-09-26 10:09:08 [Warning] Query SQL: Insert Ignore Into `meinv_content` (`name`,`category`,`addtime`,`url`,`image`,`content`,`dir`) Values ("吴沛孺时尚百搭 午后家居甜美写真","清纯美女","1476316021","http://www.13384.com/qingchunmeinv/5663.html","http://file.13384.com/imgs/4/2015-07/l1tqrrbktaammfwx.jpg?imageView2/1/w/320/h/420","http://file.13384.com/imgs/4/2015-07/l1tqrrbktaammfwx.jpg,http://file.13384.com/imgs/4/2015-07/l1tqrrbktaammfwx.jpg,http://file.13384.com/imgs/4/2015-07/39p4iphp0tw9v1pj.jpg,http://file.13384.com/imgs/4/2015-07/j1xgwwdl19tp027a.jpg,http://file.13384.com/imgs/4/2015-07/4srb721rdwwfb286.jpg,http://file.13384.com/imgs/4/2015-07/2p9xx8qvwomx8utu.jpg,http://file.13384.com/imgs/4/2015-07/tlclr3dvnw90w5gg.jpg,http://file.13384.com/imgs/4/2015-07/kllykl61k5u6oxor.jpg,http://file.13384.com/imgs/4/2015-07/twr02vaw7lqt7rkt.jpg,http://file.13384.com/imgs/4/2015-07/9d0945ir0xeul5iw.jpg,http://file.13384.com/imgs/4/2015-07/icu51u4jk6m94avi.jpg,http://file.13384.com/imgs/4/2015-07/iblalulz57oy2sw0.jpg","qingchunmeinv")
2017-09-26 10:09:08 [Warning] Error SQL: Table 'homestead.meinv_content' doesn't exist
debug_backtrace：
[0] in function phpspider\core\db::insert  in /home/vagrant/Code/ws/public/phpspider-master/demo/13384.php  on line 192 
[1] in function {closure} 
[2] in function call_user_func  in /home/vagrant/Code/ws/public/phpspider-master/core/phpspider.php  on line 1676 
[3] in function phpspider\core\phpspider->get_html_fields  in /home/vagrant/Code/ws/public/phpspider-master/core/phpspider.php  on line 1184 
[4] in function phpspider\core\phpspider->collect_page  in /home/vagrant/Code/ws/public/phpspider-master/core/phpspider.php  on line 1022 
[5] in function phpspider\core\phpspider->do_collect_page  in /home/vagrant/Code/ws/public/phpspider-master/core/phpspider.php  on line 948 
[6] in function phpspider\core\phpspider->start  in /home/vagrant/Code/ws/public/phpspider-master/demo/13384.php  on line 197 
2017-09-26 10:09:10 [Warning] Query SQL: Select Count(*) As `count` From `meinv_content` Where `name`='我的邻居女孩子清纯迷人惹人爱' limit 1
2017-09-26 10:09:10 [Warning] Error SQL: Table 'homestead.meinv_content' doesn't exist
debug_backtrace：
[0] in function phpspider\core\db::get_one  in /home/vagrant/Code/ws/public/phpspider-master/demo/13384.php  on line 189 
[1] in function {closure} 
[2] in function call_user_func  in /home/vagrant/Code/ws/public/phpspider-master/core/phpspider.php  on line 1676 
[3] in function phpspider\core\phpspider->get_html_fields  in /home/vagrant/Code/ws/public/phpspider-master/core/phpspider.php  on line 1184 
[4] in function phpspider\core\phpspider->collect_page  in /home/vagrant/Code/ws/public/phpspider-master/core/phpspider.php  on line 1022 
[5] in function phpspider\core\phpspider->do_collect_page  in /home/vagrant/Code/ws/public/phpspider-master/core/phpspider.php  on line 948 
[6] in function phpspider\core\phpspider->start  in /home/vagrant/Code/ws/public/phpspider-master/demo/13384.php  on line 197 
2017-09-26 10:09:10 [Warning] Query SQL: Insert Ignore Into `meinv_content` (`name`,`category`,`addtime`,`url`,`image`,`content`,`dir`) Values ("我的邻居女孩子清纯迷人惹人爱","清纯美女","1476315955","http://www.13384.com/qingchunmeinv/5660.html","http://file.13384.com/imgs/4/2015-07/j449wc5omgtzxr94.jpg?imageView2/1/w/320/h/420","http://file.13384.com/imgs/4/2015-07/j449wc5omgtzxr94.jpg,http://file.13384.com/imgs/4/2015-07/j449wc5omgtzxr94.jpg,http://file.13384.com/imgs/4/2015-07/dwxy0d5k7ys2iqso.jpg,http://file.13384.com/imgs/4/2015-07/g1zamwsj1jpcmlah.jpg,http://file.13384.com/imgs/4/2015-07/3pm8itvzp10wg0jy.jpg,http://file.13384.com/imgs/4/2015-07/3x2n3h4ne4k9f9pf.jpg,http://file.13384.com/imgs/4/2015-07/a1celze2rv56cksc.jpg,http://file.13384.com/imgs/4/2015-07/d3s4ernjs0u1ctus.jpg,http://file.13384.com/imgs/4/2015-07/1shhw0oyhmztdonv.jpg,http://file.13384.com/imgs/4/2015-07/yqxpx5ow5xcjibc9.jpg,http://file.13384.com/imgs/4/2015-07/ouf9j85pnocmqhou.jpg","qingchunmeinv")
2017-09-26 10:09:10 [Warning] Error SQL: Table 'homestead.meinv_content' doesn't exist
debug_backtrace：
[0] in function phpspider\core\db::insert  in /home/vagrant/Code/ws/public/phpspider-master/demo/13384.php  on line 192 
[1] in function {closure} 
[2] in function call_user_func  in /home/vagrant/Code/ws/public/phpspider-master/core/phpspider.php  on line 1676 
[3] in function phpspider\core\phpspider->get_html_fields  in /home/vagrant/Code/ws/public/phpspider-master/core/phpspider.php  on line 1184 
[4] in function phpspider\core\phpspider->collect_page  in /home/vagrant/Code/ws/public/phpspider-master/core/phpspider.php  on line 1022 
[5] in function phpspider\core\phpspider->do_collect_page  in /home/vagrant/Code/ws/public/phpspider-master/core/phpspider.php  on line 948 
[6] in function phpspider\core\phpspider->start  in /home/vagrant/Code/ws/public/phpspider-master/demo/13384.php  on line 197 
2017-09-26 10:09:11 [Warning] Query SQL: Select Count(*) As `count` From `meinv_content` Where `name`='美丽小公主居家自拍' limit 1
2017-09-26 10:09:11 [Warning] Error SQL: Table 'homestead.meinv_content' doesn't exist
debug_backtrace：
[0] in function phpspider\core\db::get_one  in /home/vagrant/Code/ws/public/phpspider-master/demo/13384.php  on line 189 
[1] in function {closure} 
[2] in function call_user_func  in /home/vagrant/Code/ws/public/phpspider-master/core/phpspider.php  on line 1676 
[3] in function phpspider\core\phpspider->get_html_fields  in /home/vagrant/Code/ws/public/phpspider-master/core/phpspider.php  on line 1184 
[4] in function phpspider\core\phpspider->collect_page  in /home/vagrant/Code/ws/public/phpspider-master/core/phpspider.php  on line 1022 
[5] in function phpspider\core\phpspider->do_collect_page  in /home/vagrant/Code/ws/public/phpspider-master/core/phpspider.php  on line 948 
[6] in function phpspider\core\phpspider->start  in /home/vagrant/Code/ws/public/phpspider-master/demo/13384.php  on line 197 
2017-09-26 10:09:11 [Warning] Query SQL: Insert Ignore Into `meinv_content` (`name`,`category`,`addtime`,`url`,`image`,`content`,`dir`) Values ("美丽小公主居家自拍","清纯美女","1476315944","http://www.13384.com/qingchunmeinv/5659.html","http://file.13384.com/imgs/4/2015-07/s7zua99jubb8t2p6.jpg?imageView2/1/w/320/h/420","http://file.13384.com/imgs/4/2015-07/s7zua99jubb8t2p6.jpg,http://file.13384.com/imgs/4/2015-07/s7zua99jubb8t2p6.jpg,http://file.13384.com/imgs/4/2015-07/tdfc9rr4of6z664n.jpg,http://file.13384.com/imgs/4/2015-07/bkhrr7b0gqf1j9rh.jpg,http://file.13384.com/imgs/4/2015-07/e539fbnjkex8qwc3.jpg,http://file.13384.com/imgs/4/2015-07/968nho0xys41j3yl.jpg,http://file.13384.com/imgs/4/2015-07/nbr4wgzg7keqtwm4.jpg,http://file.13384.com/imgs/4/2015-07/pwpxdrk1b94wo0b2.jpg,http://file.13384.com/imgs/4/2015-07/zzluocg9wwl2aoza.jpg,http://file.13384.com/imgs/4/2015-07/g3hp0z25avehk1nf.jpg,http://file.13384.com/imgs/4/2015-07/mphilkwdrzwz844w.jpg,http://file.13384.com/imgs/4/2015-07/gm2wc53s32kk5jvs.jpg","qingchunmeinv")
2017-09-26 10:09:11 [Warning] Error SQL: Table 'homestead.meinv_content' doesn't exist
debug_backtrace：
[0] in function phpspider\core\db::insert  in /home/vagrant/Code/ws/public/phpspider-master/demo/13384.php  on line 192 
[1] in function {closure} 
[2] in function call_user_func  in /home/vagrant/Code/ws/public/phpspider-master/core/phpspider.php  on line 1676 
[3] in function phpspider\core\phpspider->get_html_fields  in /home/vagrant/Code/ws/public/phpspider-master/core/phpspider.php  on line 1184 
[4] in function phpspider\core\phpspider->collect_page  in /home/vagrant/Code/ws/public/phpspider-master/core/phpspider.php  on line 1022 
[5] in function phpspider\core\phpspider->do_collect_page  in /home/vagrant/Code/ws/public/phpspider-master/core/phpspider.php  on line 948 
[6] in function phpspider\core\phpspider->start  in /home/vagrant/Code/ws/public/phpspider-master/demo/13384.php  on line 197 
2017-09-26 10:09:13 [Warning] Query SQL: Select Count(*) As `count` From `meinv_content` Where `name`='可爱姐妹花扮兔女郎别有一番滋味' limit 1
2017-09-26 10:09:13 [Warning] Error SQL: Table 'homestead.meinv_content' doesn't exist
debug_backtrace：
[0] in function phpspider\core\db::get_one  in /home/vagrant/Code/ws/public/phpspider-master/demo/13384.php  on line 189 
[1] in function {closure} 
[2] in function call_user_func  in /home/vagrant/Code/ws/public/phpspider-master/core/phpspider.php  on line 1676 
[3] in function phpspider\core\phpspider->get_html_fields  in /home/vagrant/Code/ws/public/phpspider-master/core/phpspider.php  on line 1184 
[4] in function phpspider\core\phpspider->collect_page  in /home/vagrant/Code/ws/public/phpspider-master/core/phpspider.php  on line 1022 
[5] in function phpspider\core\phpspider->do_collect_page  in /home/vagrant/Code/ws/public/phpspider-master/core/phpspider.php  on line 948 
[6] in function phpspider\core\phpspider->start  in /home/vagrant/Code/ws/public/phpspider-master/demo/13384.php  on line 197 
2017-09-26 10:09:13 [Warning] Query SQL: Insert Ignore Into `meinv_content` (`name`,`category`,`addtime`,`url`,`image`,`content`,`dir`) Values ("可爱姐妹花扮兔女郎别有一番滋味","清纯美女","1476315934","http://www.13384.com/qingchunmeinv/5658.html","http://file.13384.com/imgs/4/2015-07/piimgh1h3qg3odbo.jpg?imageView2/1/w/320/h/420","http://file.13384.com/imgs/4/2015-07/piimgh1h3qg3odbo.jpg,http://file.13384.com/imgs/4/2015-07/piimgh1h3qg3odbo.jpg,http://file.13384.com/imgs/4/2015-07/8vsdnu6bb5zt8b7d.jpg,http://file.13384.com/imgs/4/2015-07/xmnm867udu7pfqct.jpg,http://file.13384.com/imgs/4/2015-07/xmhwp2xeoz8pz15t.jpg,http://file.13384.com/imgs/4/2015-07/89y17217ntp1jpzw.jpg,http://file.13384.com/imgs/4/2015-07/nr1nfwuixd10677x.jpg,http://file.13384.com/imgs/4/2015-07/ibxkwrumy2z3wu1u.jpg,http://file.13384.com/imgs/4/2015-07/7q8ez8c1iw23kyur.jpg,http://file.13384.com/imgs/4/2015-07/8cr9iurx9jvelqm0.jpg,http://file.13384.com/imgs/4/2015-07/2x3l5ks9m19px05s.jpg,http://file.13384.com/imgs/4/2015-07/h8fxdjm0fkfy3zdg.jpg","qingchunmeinv")
2017-09-26 10:09:13 [Warning] Error SQL: Table 'homestead.meinv_content' doesn't exist
debug_backtrace：
[0] in function phpspider\core\db::insert  in /home/vagrant/Code/ws/public/phpspider-master/demo/13384.php  on line 192 
[1] in function {closure} 
[2] in function call_user_func  in /home/vagrant/Code/ws/public/phpspider-master/core/phpspider.php  on line 1676 
[3] in function phpspider\core\phpspider->get_html_fields  in /home/vagrant/Code/ws/public/phpspider-master/core/phpspider.php  on line 1184 
[4] in function phpspider\core\phpspider->collect_page  in /home/vagrant/Code/ws/public/phpspider-master/core/phpspider.php  on line 1022 
[5] in function phpspider\core\phpspider->do_collect_page  in /home/vagrant/Code/ws/public/phpspider-master/core/phpspider.php  on line 948 
[6] in function phpspider\core\phpspider->start  in /home/vagrant/Code/ws/public/phpspider-master/demo/13384.php  on line 197 
2017-09-27 07:08:02 [Warning] Query SQL: Select Count(*) As `count` From `meinv_content` Where `name`='可爱甜美棒棒糖少女私房' limit 1
2017-09-27 07:08:02 [Warning] Error SQL: Table 'homestead.meinv_content' doesn't exist
debug_backtrace：
[0] in function phpspider\core\db::get_one  in /home/vagrant/Code/ws/public/phpspider-master/demo/13384.php  on line 189 
[1] in function {closure} 
[2] in function call_user_func  in /home/vagrant/Code/ws/public/phpspider-master/core/phpspider.php  on line 1676 
[3] in function phpspider\core\phpspider->get_html_fields  in /home/vagrant/Code/ws/public/phpspider-master/core/phpspider.php  on line 1184 
[4] in function phpspider\core\phpspider->collect_page  in /home/vagrant/Code/ws/public/phpspider-master/core/phpspider.php  on line 1022 
[5] in function phpspider\core\phpspider->do_collect_page  in /home/vagrant/Code/ws/public/phpspider-master/core/phpspider.php  on line 948 
[6] in function phpspider\core\phpspider->start  in /home/vagrant/Code/ws/public/phpspider-master/demo/13384.php  on line 197 
2017-09-27 07:08:02 [Warning] Query SQL: Insert Ignore Into `meinv_content` (`name`,`category`,`addtime`,`url`,`image`,`content`,`dir`) Values ("可爱甜美棒棒糖少女私房","清纯美女","1476316167","http://www.13384.com/qingchunmeinv/5672.html","http://file.13384.com/imgs/4/2015-07/ifqfbgom3wrcsuu3.jpg?imageView2/1/w/320/h/420","http://file.13384.com/imgs/4/2015-07/ifqfbgom3wrcsuu3.jpg,http://file.13384.com/imgs/4/2015-07/ifqfbgom3wrcsuu3.jpg,http://file.13384.com/imgs/4/2015-07/78ssjajxl601ik5k.jpg,http://file.13384.com/imgs/4/2015-07/7iz42skrlnvwiijw.jpg,http://file.13384.com/imgs/4/2015-07/6ey3kcl4ecpv18k1.jpg,http://file.13384.com/imgs/4/2015-07/kg7tu0lqmvhzpqql.jpg,http://file.13384.com/imgs/4/2015-07/7mut5qguy30tcyhc.jpg,http://file.13384.com/imgs/4/2015-07/9i1r9vdbwcs9z3a4.jpg,http://file.13384.com/imgs/4/2015-07/r5w184ck63csqs6i.jpg,http://file.13384.com/imgs/4/2015-07/9unujgmy0ntzs4br.jpg","qingchunmeinv")
2017-09-27 07:08:02 [Warning] Error SQL: Table 'homestead.meinv_content' doesn't exist
debug_backtrace：
[0] in function phpspider\core\db::insert  in /home/vagrant/Code/ws/public/phpspider-master/demo/13384.php  on line 192 
[1] in function {closure} 
[2] in function call_user_func  in /home/vagrant/Code/ws/public/phpspider-master/core/phpspider.php  on line 1676 
[3] in function phpspider\core\phpspider->get_html_fields  in /home/vagrant/Code/ws/public/phpspider-master/core/phpspider.php  on line 1184 
[4] in function phpspider\core\phpspider->collect_page  in /home/vagrant/Code/ws/public/phpspider-master/core/phpspider.php  on line 1022 
[5] in function phpspider\core\phpspider->do_collect_page  in /home/vagrant/Code/ws/public/phpspider-master/core/phpspider.php  on line 948 
[6] in function phpspider\core\phpspider->start  in /home/vagrant/Code/ws/public/phpspider-master/demo/13384.php  on line 197 
2017-09-27 07:08:04 [Warning] Query SQL: Select Count(*) As `count` From `meinv_content` Where `name`='眼镜美女铁网短发写真' limit 1
2017-09-27 07:08:04 [Warning] Error SQL: Table 'homestead.meinv_content' doesn't exist
debug_backtrace：
[0] in function phpspider\core\db::get_one  in /home/vagrant/Code/ws/public/phpspider-master/demo/13384.php  on line 189 
[1] in function {closure} 
[2] in function call_user_func  in /home/vagrant/Code/ws/public/phpspider-master/core/phpspider.php  on line 1676 
[3] in function phpspider\core\phpspider->get_html_fields  in /home/vagrant/Code/ws/public/phpspider-master/core/phpspider.php  on line 1184 
[4] in function phpspider\core\phpspider->collect_page  in /home/vagrant/Code/ws/public/phpspider-master/core/phpspider.php  on line 1022 
[5] in function phpspider\core\phpspider->do_collect_page  in /home/vagrant/Code/ws/public/phpspider-master/core/phpspider.php  on line 948 
[6] in function phpspider\core\phpspider->start  in /home/vagrant/Code/ws/public/phpspider-master/demo/13384.php  on line 197 
2017-09-27 07:08:04 [Warning] Query SQL: Insert Ignore Into `meinv_content` (`name`,`category`,`addtime`,`url`,`image`,`content`,`dir`) Values ("眼镜美女铁网短发写真","清纯美女","1476316062","http://www.13384.com/qingchunmeinv/5666.html","http://file.13384.com/imgs/4/2015-07/khogvqbf6ieh4109.jpg?imageView2/1/w/320/h/420","http://file.13384.com/imgs/4/2015-07/khogvqbf6ieh4109.jpg,http://file.13384.com/imgs/4/2015-07/khogvqbf6ieh4109.jpg,http://file.13384.com/imgs/4/2015-07/4kawsr7o14hwif4a.jpg,http://file.13384.com/imgs/4/2015-07/plqkh8oypamv98wf.jpg,http://file.13384.com/imgs/4/2015-07/c3kshogyl4guot91.jpg,http://file.13384.com/imgs/4/2015-07/sq4wq8kmg5r9e5xa.jpg,http://file.13384.com/imgs/4/2015-07/ygk0cy5x43b9vtoz.jpg,http://file.13384.com/imgs/4/2015-07/exjffsrs5tqlv41l.jpg,http://file.13384.com/imgs/4/2015-07/smsuhjp6n98vx2b4.jpg,http://file.13384.com/imgs/4/2015-07/pfq56ryewa378j0l.jpg,http://file.13384.com/imgs/4/2015-07/6qmgu07zeam9j1pw.jpg,http://file.13384.com/imgs/4/2015-07/qojcqlxftju0vesu.jpg","qingchunmeinv")
2017-09-27 07:08:04 [Warning] Error SQL: Table 'homestead.meinv_content' doesn't exist
debug_backtrace：
[0] in function phpspider\core\db::insert  in /home/vagrant/Code/ws/public/phpspider-master/demo/13384.php  on line 192 
[1] in function {closure} 
[2] in function call_user_func  in /home/vagrant/Code/ws/public/phpspider-master/core/phpspider.php  on line 1676 
[3] in function phpspider\core\phpspider->get_html_fields  in /home/vagrant/Code/ws/public/phpspider-master/core/phpspider.php  on line 1184 
[4] in function phpspider\core\phpspider->collect_page  in /home/vagrant/Code/ws/public/phpspider-master/core/phpspider.php  on line 1022 
[5] in function phpspider\core\phpspider->do_collect_page  in /home/vagrant/Code/ws/public/phpspider-master/core/phpspider.php  on line 948 
[6] in function phpspider\core\phpspider->start  in /home/vagrant/Code/ws/public/phpspider-master/demo/13384.php  on line 197 
2017-09-27 07:08:05 [Warning] Query SQL: Select Count(*) As `count` From `meinv_content` Where `name`='清纯少女唯美私房写真' limit 1
2017-09-27 07:08:05 [Warning] Error SQL: Table 'homestead.meinv_content' doesn't exist
debug_backtrace：
[0] in function phpspider\core\db::get_one  in /home/vagrant/Code/ws/public/phpspider-master/demo/13384.php  on line 189 
[1] in function {closure} 
[2] in function call_user_func  in /home/vagrant/Code/ws/public/phpspider-master/core/phpspider.php  on line 1676 
[3] in function phpspider\core\phpspider->get_html_fields  in /home/vagrant/Code/ws/public/phpspider-master/core/phpspider.php  on line 1184 
[4] in function phpspider\core\phpspider->collect_page  in /home/vagrant/Code/ws/public/phpspider-master/core/phpspider.php  on line 1022 
[5] in function phpspider\core\phpspider->do_collect_page  in /home/vagrant/Code/ws/public/phpspider-master/core/phpspider.php  on line 948 
[6] in function phpspider\core\phpspider->start  in /home/vagrant/Code/ws/public/phpspider-master/demo/13384.php  on line 197 
2017-09-27 07:08:05 [Warning] Query SQL: Insert Ignore Into `meinv_content` (`name`,`category`,`addtime`,`url`,`image`,`content`,`dir`) Values ("清纯少女唯美私房写真","清纯美女","1476316051","http://www.13384.com/qingchunmeinv/5665.html","http://file.13384.com/imgs/4/2015-07/acfn6iky4qb8jnl2.jpg?imageView2/1/w/320/h/420","http://file.13384.com/imgs/4/2015-07/acfn6iky4qb8jnl2.jpg,http://file.13384.com/imgs/4/2015-07/acfn6iky4qb8jnl2.jpg,http://file.13384.com/imgs/4/2015-07/t99n5jk44edn5ico.jpg,http://file.13384.com/imgs/4/2015-07/cxwx87yjmjrii562.jpg,http://file.13384.com/imgs/4/2015-07/71qvwr1p2en8ntsm.jpg,http://file.13384.com/imgs/4/2015-07/41up5jx770xv6k77.jpg,http://file.13384.com/imgs/4/2015-07/z7ghz1scga036jol.jpg,http://file.13384.com/imgs/4/2015-07/y6a2z8wgso0y73dk.jpg,http://file.13384.com/imgs/4/2015-07/x1kny4fr8m02ojso.jpg,http://file.13384.com/imgs/4/2015-07/so9rsaet22nvoz8i.jpg,http://file.13384.com/imgs/4/2015-07/dfk806rovs5d3x0e.jpg,http://file.13384.com/imgs/4/2015-07/g07wtq72nsmfco5v.jpg","qingchunmeinv")
2017-09-27 07:08:05 [Warning] Error SQL: Table 'homestead.meinv_content' doesn't exist
debug_backtrace：
[0] in function phpspider\core\db::insert  in /home/vagrant/Code/ws/public/phpspider-master/demo/13384.php  on line 192 
[1] in function {closure} 
[2] in function call_user_func  in /home/vagrant/Code/ws/public/phpspider-master/core/phpspider.php  on line 1676 
[3] in function phpspider\core\phpspider->get_html_fields  in /home/vagrant/Code/ws/public/phpspider-master/core/phpspider.php  on line 1184 
[4] in function phpspider\core\phpspider->collect_page  in /home/vagrant/Code/ws/public/phpspider-master/core/phpspider.php  on line 1022 
[5] in function phpspider\core\phpspider->do_collect_page  in /home/vagrant/Code/ws/public/phpspider-master/core/phpspider.php  on line 948 
[6] in function phpspider\core\phpspider->start  in /home/vagrant/Code/ws/public/phpspider-master/demo/13384.php  on line 197 
2017-09-27 07:08:07 [Warning] Query SQL: Select Count(*) As `count` From `meinv_content` Where `name`='张凯洁林间小道写真' limit 1
2017-09-27 07:08:07 [Warning] Error SQL: Table 'homestead.meinv_content' doesn't exist
debug_backtrace：
[0] in function phpspider\core\db::get_one  in /home/vagrant/Code/ws/public/phpspider-master/demo/13384.php  on line 189 
[1] in function {closure} 
[2] in function call_user_func  in /home/vagrant/Code/ws/public/phpspider-master/core/phpspider.php  on line 1676 
[3] in function phpspider\core\phpspider->get_html_fields  in /home/vagrant/Code/ws/public/phpspider-master/core/phpspider.php  on line 1184 
[4] in function phpspider\core\phpspider->collect_page  in /home/vagrant/Code/ws/public/phpspider-master/core/phpspider.php  on line 1022 
[5] in function phpspider\core\phpspider->do_collect_page  in /home/vagrant/Code/ws/public/phpspider-master/core/phpspider.php  on line 948 
[6] in function phpspider\core\phpspider->start  in /home/vagrant/Code/ws/public/phpspider-master/demo/13384.php  on line 197 
2017-09-27 07:08:07 [Warning] Query SQL: Insert Ignore Into `meinv_content` (`name`,`category`,`addtime`,`url`,`image`,`content`,`dir`) Values ("张凯洁林间小道写真","清纯美女","1476316032","http://www.13384.com/qingchunmeinv/5664.html","http://file.13384.com/imgs/4/2015-07/jn1b3cj74ln9yd0s.jpg?imageView2/1/w/320/h/420","http://file.13384.com/imgs/4/2015-07/jn1b3cj74ln9yd0s.jpg,http://file.13384.com/imgs/4/2015-07/jn1b3cj74ln9yd0s.jpg,http://file.13384.com/imgs/4/2015-07/7j0dxlzpm3eop1cs.jpg,http://file.13384.com/imgs/4/2015-07/bg0hwarlc6h3zk03.jpg,http://file.13384.com/imgs/4/2015-07/1fi156k88fh2na25.jpg,http://file.13384.com/imgs/4/2015-07/42rd103rvvzo8kef.jpg,http://file.13384.com/imgs/4/2015-07/zqlvehf84q5qahoq.jpg,http://file.13384.com/imgs/4/2015-07/rpmc500vv9h83dq4.jpg,http://file.13384.com/imgs/4/2015-07/ol30x65a27g8mgff.jpg,http://file.13384.com/imgs/4/2015-07/5ezyruthyh4kkfb4.jpg,http://file.13384.com/imgs/4/2015-07/n3n6bhvsu24u6zmz.jpg,http://file.13384.com/imgs/4/2015-07/frjgwbzwx8s78hzk.jpg","qingchunmeinv")
2017-09-27 07:08:07 [Warning] Error SQL: Table 'homestead.meinv_content' doesn't exist
debug_backtrace：
[0] in function phpspider\core\db::insert  in /home/vagrant/Code/ws/public/phpspider-master/demo/13384.php  on line 192 
[1] in function {closure} 
[2] in function call_user_func  in /home/vagrant/Code/ws/public/phpspider-master/core/phpspider.php  on line 1676 
[3] in function phpspider\core\phpspider->get_html_fields  in /home/vagrant/Code/ws/public/phpspider-master/core/phpspider.php  on line 1184 
[4] in function phpspider\core\phpspider->collect_page  in /home/vagrant/Code/ws/public/phpspider-master/core/phpspider.php  on line 1022 
[5] in function phpspider\core\phpspider->do_collect_page  in /home/vagrant/Code/ws/public/phpspider-master/core/phpspider.php  on line 948 
[6] in function phpspider\core\phpspider->start  in /home/vagrant/Code/ws/public/phpspider-master/demo/13384.php  on line 197 
2017-09-27 07:08:08 [Warning] Query SQL: Select Count(*) As `count` From `meinv_content` Where `name`='吴沛孺时尚百搭 午后家居甜美写真' limit 1
2017-09-27 07:08:08 [Warning] Error SQL: Table 'homestead.meinv_content' doesn't exist
debug_backtrace：
[0] in function phpspider\core\db::get_one  in /home/vagrant/Code/ws/public/phpspider-master/demo/13384.php  on line 189 
[1] in function {closure} 
[2] in function call_user_func  in /home/vagrant/Code/ws/public/phpspider-master/core/phpspider.php  on line 1676 
[3] in function phpspider\core\phpspider->get_html_fields  in /home/vagrant/Code/ws/public/phpspider-master/core/phpspider.php  on line 1184 
[4] in function phpspider\core\phpspider->collect_page  in /home/vagrant/Code/ws/public/phpspider-master/core/phpspider.php  on line 1022 
[5] in function phpspider\core\phpspider->do_collect_page  in /home/vagrant/Code/ws/public/phpspider-master/core/phpspider.php  on line 948 
[6] in function phpspider\core\phpspider->start  in /home/vagrant/Code/ws/public/phpspider-master/demo/13384.php  on line 197 
2017-09-27 07:08:08 [Warning] Query SQL: Insert Ignore Into `meinv_content` (`name`,`category`,`addtime`,`url`,`image`,`content`,`dir`) Values ("吴沛孺时尚百搭 午后家居甜美写真","清纯美女","1476316021","http://www.13384.com/qingchunmeinv/5663.html","http://file.13384.com/imgs/4/2015-07/l1tqrrbktaammfwx.jpg?imageView2/1/w/320/h/420","http://file.13384.com/imgs/4/2015-07/l1tqrrbktaammfwx.jpg,http://file.13384.com/imgs/4/2015-07/l1tqrrbktaammfwx.jpg,http://file.13384.com/imgs/4/2015-07/39p4iphp0tw9v1pj.jpg,http://file.13384.com/imgs/4/2015-07/j1xgwwdl19tp027a.jpg,http://file.13384.com/imgs/4/2015-07/4srb721rdwwfb286.jpg,http://file.13384.com/imgs/4/2015-07/2p9xx8qvwomx8utu.jpg,http://file.13384.com/imgs/4/2015-07/tlclr3dvnw90w5gg.jpg,http://file.13384.com/imgs/4/2015-07/kllykl61k5u6oxor.jpg,http://file.13384.com/imgs/4/2015-07/twr02vaw7lqt7rkt.jpg,http://file.13384.com/imgs/4/2015-07/9d0945ir0xeul5iw.jpg,http://file.13384.com/imgs/4/2015-07/icu51u4jk6m94avi.jpg,http://file.13384.com/imgs/4/2015-07/iblalulz57oy2sw0.jpg","qingchunmeinv")
2017-09-27 07:08:08 [Warning] Error SQL: Table 'homestead.meinv_content' doesn't exist
debug_backtrace：
[0] in function phpspider\core\db::insert  in /home/vagrant/Code/ws/public/phpspider-master/demo/13384.php  on line 192 
[1] in function {closure} 
[2] in function call_user_func  in /home/vagrant/Code/ws/public/phpspider-master/core/phpspider.php  on line 1676 
[3] in function phpspider\core\phpspider->get_html_fields  in /home/vagrant/Code/ws/public/phpspider-master/core/phpspider.php  on line 1184 
[4] in function phpspider\core\phpspider->collect_page  in /home/vagrant/Code/ws/public/phpspider-master/core/phpspider.php  on line 1022 
[5] in function phpspider\core\phpspider->do_collect_page  in /home/vagrant/Code/ws/public/phpspider-master/core/phpspider.php  on line 948 
[6] in function phpspider\core\phpspider->start  in /home/vagrant/Code/ws/public/phpspider-master/demo/13384.php  on line 197 
2017-09-27 07:08:10 [Warning] Query SQL: Select Count(*) As `count` From `meinv_content` Where `name`='我的邻居女孩子清纯迷人惹人爱' limit 1
2017-09-27 07:08:10 [Warning] Error SQL: Table 'homestead.meinv_content' doesn't exist
debug_backtrace：
[0] in function phpspider\core\db::get_one  in /home/vagrant/Code/ws/public/phpspider-master/demo/13384.php  on line 189 
[1] in function {closure} 
[2] in function call_user_func  in /home/vagrant/Code/ws/public/phpspider-master/core/phpspider.php  on line 1676 
[3] in function phpspider\core\phpspider->get_html_fields  in /home/vagrant/Code/ws/public/phpspider-master/core/phpspider.php  on line 1184 
[4] in function phpspider\core\phpspider->collect_page  in /home/vagrant/Code/ws/public/phpspider-master/core/phpspider.php  on line 1022 
[5] in function phpspider\core\phpspider->do_collect_page  in /home/vagrant/Code/ws/public/phpspider-master/core/phpspider.php  on line 948 
[6] in function phpspider\core\phpspider->start  in /home/vagrant/Code/ws/public/phpspider-master/demo/13384.php  on line 197 
2017-09-27 07:08:10 [Warning] Query SQL: Insert Ignore Into `meinv_content` (`name`,`category`,`addtime`,`url`,`image`,`content`,`dir`) Values ("我的邻居女孩子清纯迷人惹人爱","清纯美女","1476315955","http://www.13384.com/qingchunmeinv/5660.html","http://file.13384.com/imgs/4/2015-07/j449wc5omgtzxr94.jpg?imageView2/1/w/320/h/420","http://file.13384.com/imgs/4/2015-07/j449wc5omgtzxr94.jpg,http://file.13384.com/imgs/4/2015-07/j449wc5omgtzxr94.jpg,http://file.13384.com/imgs/4/2015-07/dwxy0d5k7ys2iqso.jpg,http://file.13384.com/imgs/4/2015-07/g1zamwsj1jpcmlah.jpg,http://file.13384.com/imgs/4/2015-07/3pm8itvzp10wg0jy.jpg,http://file.13384.com/imgs/4/2015-07/3x2n3h4ne4k9f9pf.jpg,http://file.13384.com/imgs/4/2015-07/a1celze2rv56cksc.jpg,http://file.13384.com/imgs/4/2015-07/d3s4ernjs0u1ctus.jpg,http://file.13384.com/imgs/4/2015-07/1shhw0oyhmztdonv.jpg,http://file.13384.com/imgs/4/2015-07/yqxpx5ow5xcjibc9.jpg,http://file.13384.com/imgs/4/2015-07/ouf9j85pnocmqhou.jpg","qingchunmeinv")
2017-09-27 07:08:10 [Warning] Error SQL: Table 'homestead.meinv_content' doesn't exist
debug_backtrace：
[0] in function phpspider\core\db::insert  in /home/vagrant/Code/ws/public/phpspider-master/demo/13384.php  on line 192 
[1] in function {closure} 
[2] in function call_user_func  in /home/vagrant/Code/ws/public/phpspider-master/core/phpspider.php  on line 1676 
[3] in function phpspider\core\phpspider->get_html_fields  in /home/vagrant/Code/ws/public/phpspider-master/core/phpspider.php  on line 1184 
[4] in function phpspider\core\phpspider->collect_page  in /home/vagrant/Code/ws/public/phpspider-master/core/phpspider.php  on line 1022 
[5] in function phpspider\core\phpspider->do_collect_page  in /home/vagrant/Code/ws/public/phpspider-master/core/phpspider.php  on line 948 
[6] in function phpspider\core\phpspider->start  in /home/vagrant/Code/ws/public/phpspider-master/demo/13384.php  on line 197 
2017-09-27 07:08:11 [Warning] Query SQL: Select Count(*) As `count` From `meinv_content` Where `name`='美丽小公主居家自拍' limit 1
2017-09-27 07:08:11 [Warning] Error SQL: Table 'homestead.meinv_content' doesn't exist
debug_backtrace：
[0] in function phpspider\core\db::get_one  in /home/vagrant/Code/ws/public/phpspider-master/demo/13384.php  on line 189 
[1] in function {closure} 
[2] in function call_user_func  in /home/vagrant/Code/ws/public/phpspider-master/core/phpspider.php  on line 1676 
[3] in function phpspider\core\phpspider->get_html_fields  in /home/vagrant/Code/ws/public/phpspider-master/core/phpspider.php  on line 1184 
[4] in function phpspider\core\phpspider->collect_page  in /home/vagrant/Code/ws/public/phpspider-master/core/phpspider.php  on line 1022 
[5] in function phpspider\core\phpspider->do_collect_page  in /home/vagrant/Code/ws/public/phpspider-master/core/phpspider.php  on line 948 
[6] in function phpspider\core\phpspider->start  in /home/vagrant/Code/ws/public/phpspider-master/demo/13384.php  on line 197 
2017-09-27 07:08:11 [Warning] Query SQL: Insert Ignore Into `meinv_content` (`name`,`category`,`addtime`,`url`,`image`,`content`,`dir`) Values ("美丽小公主居家自拍","清纯美女","1476315944","http://www.13384.com/qingchunmeinv/5659.html","http://file.13384.com/imgs/4/2015-07/s7zua99jubb8t2p6.jpg?imageView2/1/w/320/h/420","http://file.13384.com/imgs/4/2015-07/s7zua99jubb8t2p6.jpg,http://file.13384.com/imgs/4/2015-07/s7zua99jubb8t2p6.jpg,http://file.13384.com/imgs/4/2015-07/tdfc9rr4of6z664n.jpg,http://file.13384.com/imgs/4/2015-07/bkhrr7b0gqf1j9rh.jpg,http://file.13384.com/imgs/4/2015-07/e539fbnjkex8qwc3.jpg,http://file.13384.com/imgs/4/2015-07/968nho0xys41j3yl.jpg,http://file.13384.com/imgs/4/2015-07/nbr4wgzg7keqtwm4.jpg,http://file.13384.com/imgs/4/2015-07/pwpxdrk1b94wo0b2.jpg,http://file.13384.com/imgs/4/2015-07/zzluocg9wwl2aoza.jpg,http://file.13384.com/imgs/4/2015-07/g3hp0z25avehk1nf.jpg,http://file.13384.com/imgs/4/2015-07/mphilkwdrzwz844w.jpg,http://file.13384.com/imgs/4/2015-07/gm2wc53s32kk5jvs.jpg","qingchunmeinv")
2017-09-27 07:08:11 [Warning] Error SQL: Table 'homestead.meinv_content' doesn't exist
debug_backtrace：
[0] in function phpspider\core\db::insert  in /home/vagrant/Code/ws/public/phpspider-master/demo/13384.php  on line 192 
[1] in function {closure} 
[2] in function call_user_func  in /home/vagrant/Code/ws/public/phpspider-master/core/phpspider.php  on line 1676 
[3] in function phpspider\core\phpspider->get_html_fields  in /home/vagrant/Code/ws/public/phpspider-master/core/phpspider.php  on line 1184 
[4] in function phpspider\core\phpspider->collect_page  in /home/vagrant/Code/ws/public/phpspider-master/core/phpspider.php  on line 1022 
[5] in function phpspider\core\phpspider->do_collect_page  in /home/vagrant/Code/ws/public/phpspider-master/core/phpspider.php  on line 948 
[6] in function phpspider\core\phpspider->start  in /home/vagrant/Code/ws/public/phpspider-master/demo/13384.php  on line 197 
2017-09-27 07:08:13 [Warning] Query SQL: Select Count(*) As `count` From `meinv_content` Where `name`='可爱姐妹花扮兔女郎别有一番滋味' limit 1
2017-09-27 07:08:13 [Warning] Error SQL: Table 'homestead.meinv_content' doesn't exist
debug_backtrace：
[0] in function phpspider\core\db::get_one  in /home/vagrant/Code/ws/public/phpspider-master/demo/13384.php  on line 189 
[1] in function {closure} 
[2] in function call_user_func  in /home/vagrant/Code/ws/public/phpspider-master/core/phpspider.php  on line 1676 
[3] in function phpspider\core\phpspider->get_html_fields  in /home/vagrant/Code/ws/public/phpspider-master/core/phpspider.php  on line 1184 
[4] in function phpspider\core\phpspider->collect_page  in /home/vagrant/Code/ws/public/phpspider-master/core/phpspider.php  on line 1022 
[5] in function phpspider\core\phpspider->do_collect_page  in /home/vagrant/Code/ws/public/phpspider-master/core/phpspider.php  on line 948 
[6] in function phpspider\core\phpspider->start  in /home/vagrant/Code/ws/public/phpspider-master/demo/13384.php  on line 197 
2017-09-27 07:08:13 [Warning] Query SQL: Insert Ignore Into `meinv_content` (`name`,`category`,`addtime`,`url`,`image`,`content`,`dir`) Values ("可爱姐妹花扮兔女郎别有一番滋味","清纯美女","1476315934","http://www.13384.com/qingchunmeinv/5658.html","http://file.13384.com/imgs/4/2015-07/piimgh1h3qg3odbo.jpg?imageView2/1/w/320/h/420","http://file.13384.com/imgs/4/2015-07/piimgh1h3qg3odbo.jpg,http://file.13384.com/imgs/4/2015-07/piimgh1h3qg3odbo.jpg,http://file.13384.com/imgs/4/2015-07/8vsdnu6bb5zt8b7d.jpg,http://file.13384.com/imgs/4/2015-07/xmnm867udu7pfqct.jpg,http://file.13384.com/imgs/4/2015-07/xmhwp2xeoz8pz15t.jpg,http://file.13384.com/imgs/4/2015-07/89y17217ntp1jpzw.jpg,http://file.13384.com/imgs/4/2015-07/nr1nfwuixd10677x.jpg,http://file.13384.com/imgs/4/2015-07/ibxkwrumy2z3wu1u.jpg,http://file.13384.com/imgs/4/2015-07/7q8ez8c1iw23kyur.jpg,http://file.13384.com/imgs/4/2015-07/8cr9iurx9jvelqm0.jpg,http://file.13384.com/imgs/4/2015-07/2x3l5ks9m19px05s.jpg,http://file.13384.com/imgs/4/2015-07/h8fxdjm0fkfy3zdg.jpg","qingchunmeinv")
2017-09-27 07:08:13 [Warning] Error SQL: Table 'homestead.meinv_content' doesn't exist
debug_backtrace：
[0] in function phpspider\core\db::insert  in /home/vagrant/Code/ws/public/phpspider-master/demo/13384.php  on line 192 
[1] in function {closure} 
[2] in function call_user_func  in /home/vagrant/Code/ws/public/phpspider-master/core/phpspider.php  on line 1676 
[3] in function phpspider\core\phpspider->get_html_fields  in /home/vagrant/Code/ws/public/phpspider-master/core/phpspider.php  on line 1184 
[4] in function phpspider\core\phpspider->collect_page  in /home/vagrant/Code/ws/public/phpspider-master/core/phpspider.php  on line 1022 
[5] in function phpspider\core\phpspider->do_collect_page  in /home/vagrant/Code/ws/public/phpspider-master/core/phpspider.php  on line 948 
[6] in function phpspider\core\phpspider->start  in /home/vagrant/Code/ws/public/phpspider-master/demo/13384.php  on line 197 
